<?xml version="1.0" encoding="UTF-8"?>
<!-- Generated by org.testng.reporters.JUnitReportReporter -->
<testsuite hostname="LAPTOP-T25EG9UR" failures="0" tests="1" name="TestLayer.CreateNewAccountPageTest" time="1.146" errors="0" timestamp="2023-12-28T01:22:56 IST" skipped="0">
  <testcase classname="TestLayer.CreateNewAccountPageTest" name="validateCreateNewUser" time="1.146"/>
  <system-out/>
</testsuite> <!-- TestLayer.CreateNewAccountPageTest -->
